0 info it worked if it ends with ok
1 verbose cli [ '/root/.nvm/versions/node/v6.11.3/bin/node',
1 verbose cli   '/root/.nvm/versions/node/v6.11.3/bin/npm',
1 verbose cli   'start' ]
2 info using npm@3.10.10
3 info using node@v6.11.3
4 verbose run-script [ 'prestart', 'start', 'poststart' ]
5 info lifecycle ml@0.0.0~prestart: ml@0.0.0
6 verbose lifecycle ml@0.0.0~prestart: unsafe-perm in lifecycle true
7 verbose lifecycle ml@0.0.0~prestart: PATH: /root/.nvm/versions/node/v6.11.3/lib/node_modules/npm/bin/node-gyp-bin:/var/www/proyectos/ml-backbone/node_modules/.bin:/root/.nvm/versions/node/v6.11.3/bin:/usr/local/sbin:/usr/local/bin:/usr/sbin:/usr/bin:/sbin:/bin:/usr/games:/usr/local/games
8 verbose lifecycle ml@0.0.0~prestart: CWD: /var/www/proyectos/ml-backbone
9 silly lifecycle ml@0.0.0~prestart: Args: [ '-c',
9 silly lifecycle   'node-sass --source-map true -o public/css public/sass/style.scss' ]
10 silly lifecycle ml@0.0.0~prestart: Returned: code: 0  signal: null
11 info lifecycle ml@0.0.0~start: ml@0.0.0
12 verbose lifecycle ml@0.0.0~start: unsafe-perm in lifecycle true
13 verbose lifecycle ml@0.0.0~start: PATH: /root/.nvm/versions/node/v6.11.3/lib/node_modules/npm/bin/node-gyp-bin:/var/www/proyectos/ml-backbone/node_modules/.bin:/root/.nvm/versions/node/v6.11.3/bin:/usr/local/sbin:/usr/local/bin:/usr/sbin:/usr/bin:/sbin:/bin:/usr/games:/usr/local/games
14 verbose lifecycle ml@0.0.0~start: CWD: /var/www/proyectos/ml-backbone
15 silly lifecycle ml@0.0.0~start: Args: [ '-c', 'node ./bin/www ' ]
16 silly lifecycle ml@0.0.0~start: Returned: code: 1  signal: null
17 info lifecycle ml@0.0.0~start: Failed to exec start script
18 verbose stack Error: ml@0.0.0 start: `node ./bin/www `
18 verbose stack Exit status 1
18 verbose stack     at EventEmitter.<anonymous> (/root/.nvm/versions/node/v6.11.3/lib/node_modules/npm/lib/utils/lifecycle.js:255:16)
18 verbose stack     at emitTwo (events.js:106:13)
18 verbose stack     at EventEmitter.emit (events.js:191:7)
18 verbose stack     at ChildProcess.<anonymous> (/root/.nvm/versions/node/v6.11.3/lib/node_modules/npm/lib/utils/spawn.js:40:14)
18 verbose stack     at emitTwo (events.js:106:13)
18 verbose stack     at ChildProcess.emit (events.js:191:7)
18 verbose stack     at maybeClose (internal/child_process.js:920:16)
18 verbose stack     at Process.ChildProcess._handle.onexit (internal/child_process.js:230:5)
19 verbose pkgid ml@0.0.0
20 verbose cwd /var/www/proyectos/ml-backbone
21 error Linux 4.4.0-53-generic
22 error argv "/root/.nvm/versions/node/v6.11.3/bin/node" "/root/.nvm/versions/node/v6.11.3/bin/npm" "start"
23 error node v6.11.3
24 error npm  v3.10.10
25 error code ELIFECYCLE
26 error ml@0.0.0 start: `node ./bin/www `
26 error Exit status 1
27 error Failed at the ml@0.0.0 start script 'node ./bin/www '.
27 error Make sure you have the latest version of node.js and npm installed.
27 error If you do, this is most likely a problem with the ml package,
27 error not with npm itself.
27 error Tell the author that this fails on your system:
27 error     node ./bin/www
27 error You can get information on how to open an issue for this project with:
27 error     npm bugs ml
27 error Or if that isn't available, you can get their info via:
27 error     npm owner ls ml
27 error There is likely additional logging output above.
28 verbose exit [ 1, true ]
